<?xml version="1.0" encoding="UTF-8"?>
<!-- Generated by org.testng.reporters.JUnitXMLReporter -->
<testsuite ignored="2" hostname="SoftLap02" failures="0" tests="1" name="Default test" time="1.595" errors="0" timestamp="2024-10-21T14:44:26 EET">
  <testcase classname="tests.PutDeletePatchExamples" name="testDELETE" time="1.561"/>
  <testcase classname="tests.PutDeletePatchExamples" name="testPATCH" time="0.0">
    <ignored/>
  </testcase> <!-- testPATCH -->
  <testcase classname="tests.PutDeletePatchExamples" name="testPut" time="0.0">
    <ignored/>
  </testcase> <!-- testPut -->
</testsuite> <!-- Default test -->
