<?xml version="1.0" encoding="UTF-8"?>
<testng-results ignored="0" total="1" passed="1" failed="0" skipped="0">
  <reporter-output>
  </reporter-output>
  <suite started-at="2024-10-21T14:44:24 EET" name="Default suite" finished-at="2024-10-21T14:44:26 EET" duration-ms="1595">
    <groups>
    </groups>
    <test started-at="2024-10-21T14:44:24 EET" name="Default test" finished-at="2024-10-21T14:44:26 EET" duration-ms="1595">
      <class name="tests.PutDeletePatchExamples">
        <test-method signature="testDELETE()[pri:0, instance:tests.PutDeletePatchExamples@659499f1]" started-at="2024-10-21T14:44:24 EET" name="testDELETE" finished-at="2024-10-21T14:44:26 EET" duration-ms="1561" status="PASS">
          <reporter-output>
          </reporter-output>
        </test-method> <!-- testDELETE -->
      </class> <!-- tests.PutDeletePatchExamples -->
    </test> <!-- Default test -->
  </suite> <!-- Default suite -->
</testng-results>
